<?xml version="1.0" encoding="UTF-8"?>
<testsuite name="EpisodeTests" tests="1" skipped="0" failures="0" errors="0" timestamp="2023-04-05T16:10:42" hostname="MacBook-Pro.local" time="0.777">
  <properties/>
  <testcase name="shouldTestEpisodeResponse()" classname="EpisodeTests" time="0.777"/>
  <system-out><![CDATA[]]></system-out>
  <system-err><![CDATA[]]></system-err>
</testsuite>
